Determining if the pthread_create exist failed with the following output:
Change Dir: /home/student/ufactory_ws/build/xarm7_redundancy_res/CMakeFiles/CMakeTmp

Run Build Command:"/usr/bin/make" "cmTC_0144d/fast"
/usr/bin/make -f CMakeFiles/cmTC_0144d.dir/build.make CMakeFiles/cmTC_0144d.dir/build
make[1]: Entering directory '/home/student/ufactory_ws/build/xarm7_redundancy_res/CMakeFiles/CMakeTmp'
Building C object CMakeFiles/cmTC_0144d.dir/CheckSymbolExists.c.o
/usr/bin/cc    -o CMakeFiles/cmTC_0144d.dir/CheckSymbolExists.c.o   -c /home/student/ufactory_ws/build/xarm7_redundancy_res/CMakeFiles/CMakeTmp/CheckSymbolExists.c
Linking C executable cmTC_0144d
/usr/bin/cmake -E cmake_link_script CMakeFiles/cmTC_0144d.dir/link.txt --verbose=1
/usr/bin/cc      -rdynamic CMakeFiles/cmTC_0144d.dir/CheckSymbolExists.c.o  -o cmTC_0144d 
CMakeFiles/cmTC_0144d.dir/CheckSymbolExists.c.o: In function `main':
CheckSymbolExists.c:(.text+0x1b): undefined reference to `pthread_create'
collect2: error: ld returned 1 exit status
CMakeFiles/cmTC_0144d.dir/build.make:97: recipe for target 'cmTC_0144d' failed
make[1]: *** [cmTC_0144d] Error 1
make[1]: Leaving directory '/home/student/ufactory_ws/build/xarm7_redundancy_res/CMakeFiles/CMakeTmp'
Makefile:126: recipe for target 'cmTC_0144d/fast' failed
make: *** [cmTC_0144d/fast] Error 2

File /home/student/ufactory_ws/build/xarm7_redundancy_res/CMakeFiles/CMakeTmp/CheckSymbolExists.c:
/* */
#include <pthread.h>

int main(int argc, char** argv)
{
  (void)argv;
#ifndef pthread_create
  return ((int*)(&pthread_create))[argc];
#else
  (void)argc;
  return 0;
#endif
}

Determining if the function pthread_create exists in the pthreads failed with the following output:
Change Dir: /home/student/ufactory_ws/build/xarm7_redundancy_res/CMakeFiles/CMakeTmp

Run Build Command:"/usr/bin/make" "cmTC_74217/fast"
/usr/bin/make -f CMakeFiles/cmTC_74217.dir/build.make CMakeFiles/cmTC_74217.dir/build
make[1]: Entering directory '/home/student/ufactory_ws/build/xarm7_redundancy_res/CMakeFiles/CMakeTmp'
Building C object CMakeFiles/cmTC_74217.dir/CheckFunctionExists.c.o
/usr/bin/cc   -DCHECK_FUNCTION_EXISTS=pthread_create   -o CMakeFiles/cmTC_74217.dir/CheckFunctionExists.c.o   -c /usr/share/cmake-3.10/Modules/CheckFunctionExists.c
Linking C executable cmTC_74217
/usr/bin/cmake -E cmake_link_script CMakeFiles/cmTC_74217.dir/link.txt --verbose=1
/usr/bin/cc  -DCHECK_FUNCTION_EXISTS=pthread_create    -rdynamic CMakeFiles/cmTC_74217.dir/CheckFunctionExists.c.o  -o cmTC_74217 -lpthreads 
/usr/bin/ld: cannot find -lpthreads
collect2: error: ld returned 1 exit status
CMakeFiles/cmTC_74217.dir/build.make:97: recipe for target 'cmTC_74217' failed
make[1]: *** [cmTC_74217] Error 1
make[1]: Leaving directory '/home/student/ufactory_ws/build/xarm7_redundancy_res/CMakeFiles/CMakeTmp'
Makefile:126: recipe for target 'cmTC_74217/fast' failed
make: *** [cmTC_74217/fast] Error 2


