Determining if the pthread_create exist failed with the following output:
Change Dir: /home/student/ufactory_ws/build/robotarm/CMakeFiles/CMakeTmp

Run Build Command:"/usr/bin/make" "cmTC_47738/fast"
/usr/bin/make -f CMakeFiles/cmTC_47738.dir/build.make CMakeFiles/cmTC_47738.dir/build
make[1]: Entering directory '/home/student/ufactory_ws/build/robotarm/CMakeFiles/CMakeTmp'
Building C object CMakeFiles/cmTC_47738.dir/CheckSymbolExists.c.o
/usr/bin/cc    -o CMakeFiles/cmTC_47738.dir/CheckSymbolExists.c.o   -c /home/student/ufactory_ws/build/robotarm/CMakeFiles/CMakeTmp/CheckSymbolExists.c
Linking C executable cmTC_47738
/usr/bin/cmake -E cmake_link_script CMakeFiles/cmTC_47738.dir/link.txt --verbose=1
/usr/bin/cc      -rdynamic CMakeFiles/cmTC_47738.dir/CheckSymbolExists.c.o  -o cmTC_47738 
CMakeFiles/cmTC_47738.dir/CheckSymbolExists.c.o: In function `main':
CheckSymbolExists.c:(.text+0x1b): undefined reference to `pthread_create'
collect2: error: ld returned 1 exit status
CMakeFiles/cmTC_47738.dir/build.make:97: recipe for target 'cmTC_47738' failed
make[1]: *** [cmTC_47738] Error 1
make[1]: Leaving directory '/home/student/ufactory_ws/build/robotarm/CMakeFiles/CMakeTmp'
Makefile:126: recipe for target 'cmTC_47738/fast' failed
make: *** [cmTC_47738/fast] Error 2

File /home/student/ufactory_ws/build/robotarm/CMakeFiles/CMakeTmp/CheckSymbolExists.c:
/* */
#include <pthread.h>

int main(int argc, char** argv)
{
  (void)argv;
#ifndef pthread_create
  return ((int*)(&pthread_create))[argc];
#else
  (void)argc;
  return 0;
#endif
}

Determining if the function pthread_create exists in the pthreads failed with the following output:
Change Dir: /home/student/ufactory_ws/build/robotarm/CMakeFiles/CMakeTmp

Run Build Command:"/usr/bin/make" "cmTC_f9d6b/fast"
/usr/bin/make -f CMakeFiles/cmTC_f9d6b.dir/build.make CMakeFiles/cmTC_f9d6b.dir/build
make[1]: Entering directory '/home/student/ufactory_ws/build/robotarm/CMakeFiles/CMakeTmp'
Building C object CMakeFiles/cmTC_f9d6b.dir/CheckFunctionExists.c.o
/usr/bin/cc   -DCHECK_FUNCTION_EXISTS=pthread_create   -o CMakeFiles/cmTC_f9d6b.dir/CheckFunctionExists.c.o   -c /usr/share/cmake-3.10/Modules/CheckFunctionExists.c
Linking C executable cmTC_f9d6b
/usr/bin/cmake -E cmake_link_script CMakeFiles/cmTC_f9d6b.dir/link.txt --verbose=1
/usr/bin/cc  -DCHECK_FUNCTION_EXISTS=pthread_create    -rdynamic CMakeFiles/cmTC_f9d6b.dir/CheckFunctionExists.c.o  -o cmTC_f9d6b -lpthreads 
/usr/bin/ld: cannot find -lpthreads
collect2: error: ld returned 1 exit status
CMakeFiles/cmTC_f9d6b.dir/build.make:97: recipe for target 'cmTC_f9d6b' failed
make[1]: *** [cmTC_f9d6b] Error 1
make[1]: Leaving directory '/home/student/ufactory_ws/build/robotarm/CMakeFiles/CMakeTmp'
Makefile:126: recipe for target 'cmTC_f9d6b/fast' failed
make: *** [cmTC_f9d6b/fast] Error 2


