Symlinking /home/student/ufactory_ws/devel/include/robotarm/manipulatorResult.h
Symlinking /home/student/ufactory_ws/devel/include/robotarm/manipulatorActionResult.h
Symlinking /home/student/ufactory_ws/devel/include/robotarm/manipulatorFeedback.h
Symlinking /home/student/ufactory_ws/devel/include/robotarm/manipulatorAction.h
Symlinking /home/student/ufactory_ws/devel/include/robotarm/manipulatorGoal.h
Symlinking /home/student/ufactory_ws/devel/include/robotarm/manipulatorActionFeedback.h
Symlinking /home/student/ufactory_ws/devel/include/robotarm/manipulatorActionGoal.h
Symlinking /home/student/ufactory_ws/devel/lib/python2.7/dist-packages/robotarm/__init__.py
Symlinking /home/student/ufactory_ws/devel/lib/python2.7/dist-packages/robotarm/msg/_manipulatorFeedback.py
Symlinking /home/student/ufactory_ws/devel/lib/python2.7/dist-packages/robotarm/msg/_manipulatorGoal.py
Symlinking /home/student/ufactory_ws/devel/lib/python2.7/dist-packages/robotarm/msg/__init__.py
Symlinking /home/student/ufactory_ws/devel/lib/python2.7/dist-packages/robotarm/msg/_manipulatorAction.py
Symlinking /home/student/ufactory_ws/devel/lib/python2.7/dist-packages/robotarm/msg/_manipulatorActionResult.py
Symlinking /home/student/ufactory_ws/devel/lib/python2.7/dist-packages/robotarm/msg/_manipulatorActionGoal.py
Symlinking /home/student/ufactory_ws/devel/lib/python2.7/dist-packages/robotarm/msg/_manipulatorActionFeedback.py
Symlinking /home/student/ufactory_ws/devel/lib/python2.7/dist-packages/robotarm/msg/_manipulatorResult.py
Symlinking /home/student/ufactory_ws/devel/lib/pkgconfig/robotarm.pc
Symlinking /home/student/ufactory_ws/devel/share/robotarm/msg/manipulatorGoal.msg
Symlinking /home/student/ufactory_ws/devel/share/robotarm/msg/manipulatorAction.msg
Symlinking /home/student/ufactory_ws/devel/share/robotarm/msg/manipulatorResult.msg
Symlinking /home/student/ufactory_ws/devel/share/robotarm/msg/manipulatorActionGoal.msg
Symlinking /home/student/ufactory_ws/devel/share/robotarm/msg/manipulatorFeedback.msg
Symlinking /home/student/ufactory_ws/devel/share/robotarm/msg/manipulatorActionFeedback.msg
Symlinking /home/student/ufactory_ws/devel/share/robotarm/msg/manipulatorActionResult.msg
Symlinking /home/student/ufactory_ws/devel/share/robotarm/cmake/robotarmConfig-version.cmake
Symlinking /home/student/ufactory_ws/devel/share/robotarm/cmake/robotarm-msg-paths.cmake
Symlinking /home/student/ufactory_ws/devel/share/robotarm/cmake/robotarmConfig.cmake
Symlinking /home/student/ufactory_ws/devel/share/robotarm/cmake/robotarm-msg-extras.cmake
Symlinking /home/student/ufactory_ws/devel/share/gennodejs/ros/robotarm/_index.js
Symlinking /home/student/ufactory_ws/devel/share/gennodejs/ros/robotarm/msg/manipulatorGoal.js
Symlinking /home/student/ufactory_ws/devel/share/gennodejs/ros/robotarm/msg/manipulatorActionResult.js
Symlinking /home/student/ufactory_ws/devel/share/gennodejs/ros/robotarm/msg/manipulatorResult.js
Symlinking /home/student/ufactory_ws/devel/share/gennodejs/ros/robotarm/msg/manipulatorFeedback.js
Symlinking /home/student/ufactory_ws/devel/share/gennodejs/ros/robotarm/msg/manipulatorAction.js
Symlinking /home/student/ufactory_ws/devel/share/gennodejs/ros/robotarm/msg/manipulatorActionGoal.js
Symlinking /home/student/ufactory_ws/devel/share/gennodejs/ros/robotarm/msg/manipulatorActionFeedback.js
Symlinking /home/student/ufactory_ws/devel/share/gennodejs/ros/robotarm/msg/_index.js
Symlinking /home/student/ufactory_ws/devel/share/roseus/ros/robotarm/manifest.l
Symlinking /home/student/ufactory_ws/devel/share/roseus/ros/robotarm/msg/manipulatorAction.l
Symlinking /home/student/ufactory_ws/devel/share/roseus/ros/robotarm/msg/manipulatorActionGoal.l
Symlinking /home/student/ufactory_ws/devel/share/roseus/ros/robotarm/msg/manipulatorFeedback.l
Symlinking /home/student/ufactory_ws/devel/share/roseus/ros/robotarm/msg/manipulatorActionResult.l
Symlinking /home/student/ufactory_ws/devel/share/roseus/ros/robotarm/msg/manipulatorActionFeedback.l
Symlinking /home/student/ufactory_ws/devel/share/roseus/ros/robotarm/msg/manipulatorGoal.l
Symlinking /home/student/ufactory_ws/devel/share/roseus/ros/robotarm/msg/manipulatorResult.l
Symlinking /home/student/ufactory_ws/devel/share/common-lisp/ros/robotarm/msg/manipulatorAction.lisp
Symlinking /home/student/ufactory_ws/devel/share/common-lisp/ros/robotarm/msg/manipulatorGoal.lisp
Symlinking /home/student/ufactory_ws/devel/share/common-lisp/ros/robotarm/msg/manipulatorFeedback.lisp
Symlinking /home/student/ufactory_ws/devel/share/common-lisp/ros/robotarm/msg/robotarm-msg.asd
Symlinking /home/student/ufactory_ws/devel/share/common-lisp/ros/robotarm/msg/_package.lisp
Symlinking /home/student/ufactory_ws/devel/share/common-lisp/ros/robotarm/msg/_package_manipulatorResult.lisp
Symlinking /home/student/ufactory_ws/devel/share/common-lisp/ros/robotarm/msg/_package_manipulatorActionResult.lisp
Symlinking /home/student/ufactory_ws/devel/share/common-lisp/ros/robotarm/msg/_package_manipulatorGoal.lisp
Symlinking /home/student/ufactory_ws/devel/share/common-lisp/ros/robotarm/msg/manipulatorActionFeedback.lisp
Symlinking /home/student/ufactory_ws/devel/share/common-lisp/ros/robotarm/msg/_package_manipulatorActionGoal.lisp
Symlinking /home/student/ufactory_ws/devel/share/common-lisp/ros/robotarm/msg/_package_manipulatorFeedback.lisp
Symlinking /home/student/ufactory_ws/devel/share/common-lisp/ros/robotarm/msg/manipulatorResult.lisp
Symlinking /home/student/ufactory_ws/devel/share/common-lisp/ros/robotarm/msg/manipulatorActionGoal.lisp
Symlinking /home/student/ufactory_ws/devel/share/common-lisp/ros/robotarm/msg/_package_manipulatorActionFeedback.lisp
Symlinking /home/student/ufactory_ws/devel/share/common-lisp/ros/robotarm/msg/manipulatorActionResult.lisp
Symlinking /home/student/ufactory_ws/devel/share/common-lisp/ros/robotarm/msg/_package_manipulatorAction.lisp
