Linked: (/home/student/ufactory_ws/devel/.private/robotarm/include/robotarm/manipulatorResult.h, /home/student/ufactory_ws/devel/include/robotarm/manipulatorResult.h)
Linked: (/home/student/ufactory_ws/devel/.private/robotarm/include/robotarm/manipulatorActionResult.h, /home/student/ufactory_ws/devel/include/robotarm/manipulatorActionResult.h)
Linked: (/home/student/ufactory_ws/devel/.private/robotarm/include/robotarm/manipulatorFeedback.h, /home/student/ufactory_ws/devel/include/robotarm/manipulatorFeedback.h)
Linked: (/home/student/ufactory_ws/devel/.private/robotarm/include/robotarm/manipulatorAction.h, /home/student/ufactory_ws/devel/include/robotarm/manipulatorAction.h)
Linked: (/home/student/ufactory_ws/devel/.private/robotarm/include/robotarm/manipulatorGoal.h, /home/student/ufactory_ws/devel/include/robotarm/manipulatorGoal.h)
Linked: (/home/student/ufactory_ws/devel/.private/robotarm/include/robotarm/manipulatorActionFeedback.h, /home/student/ufactory_ws/devel/include/robotarm/manipulatorActionFeedback.h)
Linked: (/home/student/ufactory_ws/devel/.private/robotarm/include/robotarm/manipulatorActionGoal.h, /home/student/ufactory_ws/devel/include/robotarm/manipulatorActionGoal.h)
Linked: (/home/student/ufactory_ws/devel/.private/robotarm/lib/python2.7/dist-packages/robotarm/__init__.py, /home/student/ufactory_ws/devel/lib/python2.7/dist-packages/robotarm/__init__.py)
Linked: (/home/student/ufactory_ws/devel/.private/robotarm/lib/python2.7/dist-packages/robotarm/msg/_manipulatorFeedback.py, /home/student/ufactory_ws/devel/lib/python2.7/dist-packages/robotarm/msg/_manipulatorFeedback.py)
Linked: (/home/student/ufactory_ws/devel/.private/robotarm/lib/python2.7/dist-packages/robotarm/msg/_manipulatorGoal.py, /home/student/ufactory_ws/devel/lib/python2.7/dist-packages/robotarm/msg/_manipulatorGoal.py)
Linked: (/home/student/ufactory_ws/devel/.private/robotarm/lib/python2.7/dist-packages/robotarm/msg/__init__.py, /home/student/ufactory_ws/devel/lib/python2.7/dist-packages/robotarm/msg/__init__.py)
Linked: (/home/student/ufactory_ws/devel/.private/robotarm/lib/python2.7/dist-packages/robotarm/msg/_manipulatorAction.py, /home/student/ufactory_ws/devel/lib/python2.7/dist-packages/robotarm/msg/_manipulatorAction.py)
Linked: (/home/student/ufactory_ws/devel/.private/robotarm/lib/python2.7/dist-packages/robotarm/msg/_manipulatorActionResult.py, /home/student/ufactory_ws/devel/lib/python2.7/dist-packages/robotarm/msg/_manipulatorActionResult.py)
Linked: (/home/student/ufactory_ws/devel/.private/robotarm/lib/python2.7/dist-packages/robotarm/msg/_manipulatorActionGoal.py, /home/student/ufactory_ws/devel/lib/python2.7/dist-packages/robotarm/msg/_manipulatorActionGoal.py)
Linked: (/home/student/ufactory_ws/devel/.private/robotarm/lib/python2.7/dist-packages/robotarm/msg/_manipulatorActionFeedback.py, /home/student/ufactory_ws/devel/lib/python2.7/dist-packages/robotarm/msg/_manipulatorActionFeedback.py)
Linked: (/home/student/ufactory_ws/devel/.private/robotarm/lib/python2.7/dist-packages/robotarm/msg/_manipulatorResult.py, /home/student/ufactory_ws/devel/lib/python2.7/dist-packages/robotarm/msg/_manipulatorResult.py)
Linked: (/home/student/ufactory_ws/devel/.private/robotarm/lib/pkgconfig/robotarm.pc, /home/student/ufactory_ws/devel/lib/pkgconfig/robotarm.pc)
Linked: (/home/student/ufactory_ws/devel/.private/robotarm/share/robotarm/msg/manipulatorGoal.msg, /home/student/ufactory_ws/devel/share/robotarm/msg/manipulatorGoal.msg)
Linked: (/home/student/ufactory_ws/devel/.private/robotarm/share/robotarm/msg/manipulatorAction.msg, /home/student/ufactory_ws/devel/share/robotarm/msg/manipulatorAction.msg)
Linked: (/home/student/ufactory_ws/devel/.private/robotarm/share/robotarm/msg/manipulatorResult.msg, /home/student/ufactory_ws/devel/share/robotarm/msg/manipulatorResult.msg)
Linked: (/home/student/ufactory_ws/devel/.private/robotarm/share/robotarm/msg/manipulatorActionGoal.msg, /home/student/ufactory_ws/devel/share/robotarm/msg/manipulatorActionGoal.msg)
Linked: (/home/student/ufactory_ws/devel/.private/robotarm/share/robotarm/msg/manipulatorFeedback.msg, /home/student/ufactory_ws/devel/share/robotarm/msg/manipulatorFeedback.msg)
Linked: (/home/student/ufactory_ws/devel/.private/robotarm/share/robotarm/msg/manipulatorActionFeedback.msg, /home/student/ufactory_ws/devel/share/robotarm/msg/manipulatorActionFeedback.msg)
Linked: (/home/student/ufactory_ws/devel/.private/robotarm/share/robotarm/msg/manipulatorActionResult.msg, /home/student/ufactory_ws/devel/share/robotarm/msg/manipulatorActionResult.msg)
Linked: (/home/student/ufactory_ws/devel/.private/robotarm/share/robotarm/cmake/robotarmConfig-version.cmake, /home/student/ufactory_ws/devel/share/robotarm/cmake/robotarmConfig-version.cmake)
Linked: (/home/student/ufactory_ws/devel/.private/robotarm/share/robotarm/cmake/robotarm-msg-paths.cmake, /home/student/ufactory_ws/devel/share/robotarm/cmake/robotarm-msg-paths.cmake)
Linked: (/home/student/ufactory_ws/devel/.private/robotarm/share/robotarm/cmake/robotarmConfig.cmake, /home/student/ufactory_ws/devel/share/robotarm/cmake/robotarmConfig.cmake)
Linked: (/home/student/ufactory_ws/devel/.private/robotarm/share/robotarm/cmake/robotarm-msg-extras.cmake, /home/student/ufactory_ws/devel/share/robotarm/cmake/robotarm-msg-extras.cmake)
Linked: (/home/student/ufactory_ws/devel/.private/robotarm/share/gennodejs/ros/robotarm/_index.js, /home/student/ufactory_ws/devel/share/gennodejs/ros/robotarm/_index.js)
Linked: (/home/student/ufactory_ws/devel/.private/robotarm/share/gennodejs/ros/robotarm/msg/manipulatorGoal.js, /home/student/ufactory_ws/devel/share/gennodejs/ros/robotarm/msg/manipulatorGoal.js)
Linked: (/home/student/ufactory_ws/devel/.private/robotarm/share/gennodejs/ros/robotarm/msg/manipulatorActionResult.js, /home/student/ufactory_ws/devel/share/gennodejs/ros/robotarm/msg/manipulatorActionResult.js)
Linked: (/home/student/ufactory_ws/devel/.private/robotarm/share/gennodejs/ros/robotarm/msg/manipulatorResult.js, /home/student/ufactory_ws/devel/share/gennodejs/ros/robotarm/msg/manipulatorResult.js)
Linked: (/home/student/ufactory_ws/devel/.private/robotarm/share/gennodejs/ros/robotarm/msg/manipulatorFeedback.js, /home/student/ufactory_ws/devel/share/gennodejs/ros/robotarm/msg/manipulatorFeedback.js)
Linked: (/home/student/ufactory_ws/devel/.private/robotarm/share/gennodejs/ros/robotarm/msg/manipulatorAction.js, /home/student/ufactory_ws/devel/share/gennodejs/ros/robotarm/msg/manipulatorAction.js)
Linked: (/home/student/ufactory_ws/devel/.private/robotarm/share/gennodejs/ros/robotarm/msg/manipulatorActionGoal.js, /home/student/ufactory_ws/devel/share/gennodejs/ros/robotarm/msg/manipulatorActionGoal.js)
Linked: (/home/student/ufactory_ws/devel/.private/robotarm/share/gennodejs/ros/robotarm/msg/manipulatorActionFeedback.js, /home/student/ufactory_ws/devel/share/gennodejs/ros/robotarm/msg/manipulatorActionFeedback.js)
Linked: (/home/student/ufactory_ws/devel/.private/robotarm/share/gennodejs/ros/robotarm/msg/_index.js, /home/student/ufactory_ws/devel/share/gennodejs/ros/robotarm/msg/_index.js)
Linked: (/home/student/ufactory_ws/devel/.private/robotarm/share/roseus/ros/robotarm/manifest.l, /home/student/ufactory_ws/devel/share/roseus/ros/robotarm/manifest.l)
Linked: (/home/student/ufactory_ws/devel/.private/robotarm/share/roseus/ros/robotarm/msg/manipulatorAction.l, /home/student/ufactory_ws/devel/share/roseus/ros/robotarm/msg/manipulatorAction.l)
Linked: (/home/student/ufactory_ws/devel/.private/robotarm/share/roseus/ros/robotarm/msg/manipulatorActionGoal.l, /home/student/ufactory_ws/devel/share/roseus/ros/robotarm/msg/manipulatorActionGoal.l)
Linked: (/home/student/ufactory_ws/devel/.private/robotarm/share/roseus/ros/robotarm/msg/manipulatorFeedback.l, /home/student/ufactory_ws/devel/share/roseus/ros/robotarm/msg/manipulatorFeedback.l)
Linked: (/home/student/ufactory_ws/devel/.private/robotarm/share/roseus/ros/robotarm/msg/manipulatorActionResult.l, /home/student/ufactory_ws/devel/share/roseus/ros/robotarm/msg/manipulatorActionResult.l)
Linked: (/home/student/ufactory_ws/devel/.private/robotarm/share/roseus/ros/robotarm/msg/manipulatorActionFeedback.l, /home/student/ufactory_ws/devel/share/roseus/ros/robotarm/msg/manipulatorActionFeedback.l)
Linked: (/home/student/ufactory_ws/devel/.private/robotarm/share/roseus/ros/robotarm/msg/manipulatorGoal.l, /home/student/ufactory_ws/devel/share/roseus/ros/robotarm/msg/manipulatorGoal.l)
Linked: (/home/student/ufactory_ws/devel/.private/robotarm/share/roseus/ros/robotarm/msg/manipulatorResult.l, /home/student/ufactory_ws/devel/share/roseus/ros/robotarm/msg/manipulatorResult.l)
Linked: (/home/student/ufactory_ws/devel/.private/robotarm/share/common-lisp/ros/robotarm/msg/manipulatorAction.lisp, /home/student/ufactory_ws/devel/share/common-lisp/ros/robotarm/msg/manipulatorAction.lisp)
Linked: (/home/student/ufactory_ws/devel/.private/robotarm/share/common-lisp/ros/robotarm/msg/manipulatorGoal.lisp, /home/student/ufactory_ws/devel/share/common-lisp/ros/robotarm/msg/manipulatorGoal.lisp)
Linked: (/home/student/ufactory_ws/devel/.private/robotarm/share/common-lisp/ros/robotarm/msg/manipulatorFeedback.lisp, /home/student/ufactory_ws/devel/share/common-lisp/ros/robotarm/msg/manipulatorFeedback.lisp)
Linked: (/home/student/ufactory_ws/devel/.private/robotarm/share/common-lisp/ros/robotarm/msg/robotarm-msg.asd, /home/student/ufactory_ws/devel/share/common-lisp/ros/robotarm/msg/robotarm-msg.asd)
Linked: (/home/student/ufactory_ws/devel/.private/robotarm/share/common-lisp/ros/robotarm/msg/_package.lisp, /home/student/ufactory_ws/devel/share/common-lisp/ros/robotarm/msg/_package.lisp)
Linked: (/home/student/ufactory_ws/devel/.private/robotarm/share/common-lisp/ros/robotarm/msg/_package_manipulatorResult.lisp, /home/student/ufactory_ws/devel/share/common-lisp/ros/robotarm/msg/_package_manipulatorResult.lisp)
Linked: (/home/student/ufactory_ws/devel/.private/robotarm/share/common-lisp/ros/robotarm/msg/_package_manipulatorActionResult.lisp, /home/student/ufactory_ws/devel/share/common-lisp/ros/robotarm/msg/_package_manipulatorActionResult.lisp)
Linked: (/home/student/ufactory_ws/devel/.private/robotarm/share/common-lisp/ros/robotarm/msg/_package_manipulatorGoal.lisp, /home/student/ufactory_ws/devel/share/common-lisp/ros/robotarm/msg/_package_manipulatorGoal.lisp)
Linked: (/home/student/ufactory_ws/devel/.private/robotarm/share/common-lisp/ros/robotarm/msg/manipulatorActionFeedback.lisp, /home/student/ufactory_ws/devel/share/common-lisp/ros/robotarm/msg/manipulatorActionFeedback.lisp)
Linked: (/home/student/ufactory_ws/devel/.private/robotarm/share/common-lisp/ros/robotarm/msg/_package_manipulatorActionGoal.lisp, /home/student/ufactory_ws/devel/share/common-lisp/ros/robotarm/msg/_package_manipulatorActionGoal.lisp)
Linked: (/home/student/ufactory_ws/devel/.private/robotarm/share/common-lisp/ros/robotarm/msg/_package_manipulatorFeedback.lisp, /home/student/ufactory_ws/devel/share/common-lisp/ros/robotarm/msg/_package_manipulatorFeedback.lisp)
Linked: (/home/student/ufactory_ws/devel/.private/robotarm/share/common-lisp/ros/robotarm/msg/manipulatorResult.lisp, /home/student/ufactory_ws/devel/share/common-lisp/ros/robotarm/msg/manipulatorResult.lisp)
Linked: (/home/student/ufactory_ws/devel/.private/robotarm/share/common-lisp/ros/robotarm/msg/manipulatorActionGoal.lisp, /home/student/ufactory_ws/devel/share/common-lisp/ros/robotarm/msg/manipulatorActionGoal.lisp)
Linked: (/home/student/ufactory_ws/devel/.private/robotarm/share/common-lisp/ros/robotarm/msg/_package_manipulatorActionFeedback.lisp, /home/student/ufactory_ws/devel/share/common-lisp/ros/robotarm/msg/_package_manipulatorActionFeedback.lisp)
Linked: (/home/student/ufactory_ws/devel/.private/robotarm/share/common-lisp/ros/robotarm/msg/manipulatorActionResult.lisp, /home/student/ufactory_ws/devel/share/common-lisp/ros/robotarm/msg/manipulatorActionResult.lisp)
Linked: (/home/student/ufactory_ws/devel/.private/robotarm/share/common-lisp/ros/robotarm/msg/_package_manipulatorAction.lisp, /home/student/ufactory_ws/devel/share/common-lisp/ros/robotarm/msg/_package_manipulatorAction.lisp)
