[  0%] Built target _robotarm_generate_messages_check_deps_manipulatorActionGoal
[  0%] Built target _robotarm_generate_messages_check_deps_manipulatorAction
[  0%] Built target _robotarm_generate_messages_check_deps_manipulatorResult
[  0%] Built target _robotarm_generate_messages_check_deps_manipulatorFeedback
[  0%] Built target _robotarm_generate_messages_check_deps_manipulatorActionResult
[  0%] Built target _robotarm_generate_messages_check_deps_manipulatorGoal
[  0%] Built target _robotarm_generate_messages_check_deps_manipulatorActionFeedback
[  0%] Built target actionlib_msgs_generate_messages_nodejs
[  0%] Built target std_msgs_generate_messages_nodejs
[  0%] Built target actionlib_msgs_generate_messages_py
[  0%] Built target std_msgs_generate_messages_py
[  0%] Built target actionlib_msgs_generate_messages_eus
[  0%] Built target std_msgs_generate_messages_eus
[  0%] Built target actionlib_msgs_generate_messages_cpp
[  0%] Built target std_msgs_generate_messages_cpp
[  0%] Built target actionlib_msgs_generate_messages_lisp
[  0%] Built target std_msgs_generate_messages_lisp
[ 18%] Built target robotarm_generate_messages_nodejs
[ 40%] Built target robotarm_generate_messages_py
[ 62%] Built target robotarm_generate_messages_eus
[ 81%] Built target robotarm_generate_messages_cpp
[100%] Built target robotarm_generate_messages_lisp
[100%] Built target robotarm_generate_messages
