Determining if the pthread_create exist failed with the following output:
Change Dir: /home/student/ufactory_ws/build/xarm_controller/CMakeFiles/CMakeTmp

Run Build Command:"/usr/bin/make" "cmTC_d7eae/fast"
/usr/bin/make -f CMakeFiles/cmTC_d7eae.dir/build.make CMakeFiles/cmTC_d7eae.dir/build
make[1]: Entering directory '/home/student/ufactory_ws/build/xarm_controller/CMakeFiles/CMakeTmp'
Building C object CMakeFiles/cmTC_d7eae.dir/CheckSymbolExists.c.o
/usr/bin/cc    -o CMakeFiles/cmTC_d7eae.dir/CheckSymbolExists.c.o   -c /home/student/ufactory_ws/build/xarm_controller/CMakeFiles/CMakeTmp/CheckSymbolExists.c
Linking C executable cmTC_d7eae
/usr/bin/cmake -E cmake_link_script CMakeFiles/cmTC_d7eae.dir/link.txt --verbose=1
/usr/bin/cc      -rdynamic CMakeFiles/cmTC_d7eae.dir/CheckSymbolExists.c.o  -o cmTC_d7eae 
CMakeFiles/cmTC_d7eae.dir/CheckSymbolExists.c.o: In function `main':
CheckSymbolExists.c:(.text+0x1b): undefined reference to `pthread_create'
collect2: error: ld returned 1 exit status
CMakeFiles/cmTC_d7eae.dir/build.make:97: recipe for target 'cmTC_d7eae' failed
make[1]: *** [cmTC_d7eae] Error 1
make[1]: Leaving directory '/home/student/ufactory_ws/build/xarm_controller/CMakeFiles/CMakeTmp'
Makefile:126: recipe for target 'cmTC_d7eae/fast' failed
make: *** [cmTC_d7eae/fast] Error 2

File /home/student/ufactory_ws/build/xarm_controller/CMakeFiles/CMakeTmp/CheckSymbolExists.c:
/* */
#include <pthread.h>

int main(int argc, char** argv)
{
  (void)argv;
#ifndef pthread_create
  return ((int*)(&pthread_create))[argc];
#else
  (void)argc;
  return 0;
#endif
}

Determining if the function pthread_create exists in the pthreads failed with the following output:
Change Dir: /home/student/ufactory_ws/build/xarm_controller/CMakeFiles/CMakeTmp

Run Build Command:"/usr/bin/make" "cmTC_d3adb/fast"
/usr/bin/make -f CMakeFiles/cmTC_d3adb.dir/build.make CMakeFiles/cmTC_d3adb.dir/build
make[1]: Entering directory '/home/student/ufactory_ws/build/xarm_controller/CMakeFiles/CMakeTmp'
Building C object CMakeFiles/cmTC_d3adb.dir/CheckFunctionExists.c.o
/usr/bin/cc   -DCHECK_FUNCTION_EXISTS=pthread_create   -o CMakeFiles/cmTC_d3adb.dir/CheckFunctionExists.c.o   -c /usr/share/cmake-3.10/Modules/CheckFunctionExists.c
Linking C executable cmTC_d3adb
/usr/bin/cmake -E cmake_link_script CMakeFiles/cmTC_d3adb.dir/link.txt --verbose=1
/usr/bin/cc  -DCHECK_FUNCTION_EXISTS=pthread_create    -rdynamic CMakeFiles/cmTC_d3adb.dir/CheckFunctionExists.c.o  -o cmTC_d3adb -lpthreads 
/usr/bin/ld: cannot find -lpthreads
collect2: error: ld returned 1 exit status
CMakeFiles/cmTC_d3adb.dir/build.make:97: recipe for target 'cmTC_d3adb' failed
make[1]: *** [cmTC_d3adb] Error 1
make[1]: Leaving directory '/home/student/ufactory_ws/build/xarm_controller/CMakeFiles/CMakeTmp'
Makefile:126: recipe for target 'cmTC_d3adb/fast' failed
make: *** [cmTC_d3adb/fast] Error 2


