Determining if the pthread_create exist failed with the following output:
Change Dir: /home/student/ufactory_ws/build/my_lite6_description/CMakeFiles/CMakeTmp

Run Build Command:"/usr/bin/make" "cmTC_27acb/fast"
/usr/bin/make -f CMakeFiles/cmTC_27acb.dir/build.make CMakeFiles/cmTC_27acb.dir/build
make[1]: Entering directory '/home/student/ufactory_ws/build/my_lite6_description/CMakeFiles/CMakeTmp'
Building C object CMakeFiles/cmTC_27acb.dir/CheckSymbolExists.c.o
/usr/bin/cc    -o CMakeFiles/cmTC_27acb.dir/CheckSymbolExists.c.o   -c /home/student/ufactory_ws/build/my_lite6_description/CMakeFiles/CMakeTmp/CheckSymbolExists.c
Linking C executable cmTC_27acb
/usr/bin/cmake -E cmake_link_script CMakeFiles/cmTC_27acb.dir/link.txt --verbose=1
/usr/bin/cc      -rdynamic CMakeFiles/cmTC_27acb.dir/CheckSymbolExists.c.o  -o cmTC_27acb 
CMakeFiles/cmTC_27acb.dir/CheckSymbolExists.c.o: In function `main':
CheckSymbolExists.c:(.text+0x1b): undefined reference to `pthread_create'
collect2: error: ld returned 1 exit status
CMakeFiles/cmTC_27acb.dir/build.make:97: recipe for target 'cmTC_27acb' failed
make[1]: *** [cmTC_27acb] Error 1
make[1]: Leaving directory '/home/student/ufactory_ws/build/my_lite6_description/CMakeFiles/CMakeTmp'
Makefile:126: recipe for target 'cmTC_27acb/fast' failed
make: *** [cmTC_27acb/fast] Error 2

File /home/student/ufactory_ws/build/my_lite6_description/CMakeFiles/CMakeTmp/CheckSymbolExists.c:
/* */
#include <pthread.h>

int main(int argc, char** argv)
{
  (void)argv;
#ifndef pthread_create
  return ((int*)(&pthread_create))[argc];
#else
  (void)argc;
  return 0;
#endif
}

Determining if the function pthread_create exists in the pthreads failed with the following output:
Change Dir: /home/student/ufactory_ws/build/my_lite6_description/CMakeFiles/CMakeTmp

Run Build Command:"/usr/bin/make" "cmTC_716fe/fast"
/usr/bin/make -f CMakeFiles/cmTC_716fe.dir/build.make CMakeFiles/cmTC_716fe.dir/build
make[1]: Entering directory '/home/student/ufactory_ws/build/my_lite6_description/CMakeFiles/CMakeTmp'
Building C object CMakeFiles/cmTC_716fe.dir/CheckFunctionExists.c.o
/usr/bin/cc   -DCHECK_FUNCTION_EXISTS=pthread_create   -o CMakeFiles/cmTC_716fe.dir/CheckFunctionExists.c.o   -c /usr/share/cmake-3.10/Modules/CheckFunctionExists.c
Linking C executable cmTC_716fe
/usr/bin/cmake -E cmake_link_script CMakeFiles/cmTC_716fe.dir/link.txt --verbose=1
/usr/bin/cc  -DCHECK_FUNCTION_EXISTS=pthread_create    -rdynamic CMakeFiles/cmTC_716fe.dir/CheckFunctionExists.c.o  -o cmTC_716fe -lpthreads 
/usr/bin/ld: cannot find -lpthreads
collect2: error: ld returned 1 exit status
CMakeFiles/cmTC_716fe.dir/build.make:97: recipe for target 'cmTC_716fe' failed
make[1]: *** [cmTC_716fe] Error 1
make[1]: Leaving directory '/home/student/ufactory_ws/build/my_lite6_description/CMakeFiles/CMakeTmp'
Makefile:126: recipe for target 'cmTC_716fe/fast' failed
make: *** [cmTC_716fe/fast] Error 2


