Determining if the pthread_create exist failed with the following output:
Change Dir: /home/student/Git-projects/robot_project/pim_hmi_ws/build/CMakeFiles/CMakeTmp

Run Build Command:"/usr/bin/make" "cmTC_806c3/fast"
/usr/bin/make -f CMakeFiles/cmTC_806c3.dir/build.make CMakeFiles/cmTC_806c3.dir/build
make[1]: Entering directory '/home/student/Git-projects/robot_project/pim_hmi_ws/build/CMakeFiles/CMakeTmp'
Building C object CMakeFiles/cmTC_806c3.dir/CheckSymbolExists.c.o
/usr/bin/cc    -o CMakeFiles/cmTC_806c3.dir/CheckSymbolExists.c.o   -c /home/student/Git-projects/robot_project/pim_hmi_ws/build/CMakeFiles/CMakeTmp/CheckSymbolExists.c
Linking C executable cmTC_806c3
/usr/bin/cmake -E cmake_link_script CMakeFiles/cmTC_806c3.dir/link.txt --verbose=1
/usr/bin/cc      -rdynamic CMakeFiles/cmTC_806c3.dir/CheckSymbolExists.c.o  -o cmTC_806c3 
CMakeFiles/cmTC_806c3.dir/CheckSymbolExists.c.o: In function `main':
CheckSymbolExists.c:(.text+0x1b): undefined reference to `pthread_create'
collect2: error: ld returned 1 exit status
CMakeFiles/cmTC_806c3.dir/build.make:97: recipe for target 'cmTC_806c3' failed
make[1]: *** [cmTC_806c3] Error 1
make[1]: Leaving directory '/home/student/Git-projects/robot_project/pim_hmi_ws/build/CMakeFiles/CMakeTmp'
Makefile:126: recipe for target 'cmTC_806c3/fast' failed
make: *** [cmTC_806c3/fast] Error 2

File /home/student/Git-projects/robot_project/pim_hmi_ws/build/CMakeFiles/CMakeTmp/CheckSymbolExists.c:
/* */
#include <pthread.h>

int main(int argc, char** argv)
{
  (void)argv;
#ifndef pthread_create
  return ((int*)(&pthread_create))[argc];
#else
  (void)argc;
  return 0;
#endif
}

Determining if the function pthread_create exists in the pthreads failed with the following output:
Change Dir: /home/student/Git-projects/robot_project/pim_hmi_ws/build/CMakeFiles/CMakeTmp

Run Build Command:"/usr/bin/make" "cmTC_71745/fast"
/usr/bin/make -f CMakeFiles/cmTC_71745.dir/build.make CMakeFiles/cmTC_71745.dir/build
make[1]: Entering directory '/home/student/Git-projects/robot_project/pim_hmi_ws/build/CMakeFiles/CMakeTmp'
Building C object CMakeFiles/cmTC_71745.dir/CheckFunctionExists.c.o
/usr/bin/cc   -DCHECK_FUNCTION_EXISTS=pthread_create   -o CMakeFiles/cmTC_71745.dir/CheckFunctionExists.c.o   -c /usr/share/cmake-3.10/Modules/CheckFunctionExists.c
Linking C executable cmTC_71745
/usr/bin/cmake -E cmake_link_script CMakeFiles/cmTC_71745.dir/link.txt --verbose=1
/usr/bin/cc  -DCHECK_FUNCTION_EXISTS=pthread_create    -rdynamic CMakeFiles/cmTC_71745.dir/CheckFunctionExists.c.o  -o cmTC_71745 -lpthreads 
/usr/bin/ld: cannot find -lpthreads
collect2: error: ld returned 1 exit status
CMakeFiles/cmTC_71745.dir/build.make:97: recipe for target 'cmTC_71745' failed
make[1]: *** [cmTC_71745] Error 1
make[1]: Leaving directory '/home/student/Git-projects/robot_project/pim_hmi_ws/build/CMakeFiles/CMakeTmp'
Makefile:126: recipe for target 'cmTC_71745/fast' failed
make: *** [cmTC_71745/fast] Error 2


