Determining if the pthread_create exist failed with the following output:
Change Dir: /home/student/ufactory_ws/build/depthai_ros_msgs/CMakeFiles/CMakeTmp

Run Build Command:"/usr/bin/make" "cmTC_927fb/fast"
/usr/bin/make -f CMakeFiles/cmTC_927fb.dir/build.make CMakeFiles/cmTC_927fb.dir/build
make[1]: Entering directory '/home/student/ufactory_ws/build/depthai_ros_msgs/CMakeFiles/CMakeTmp'
Building C object CMakeFiles/cmTC_927fb.dir/CheckSymbolExists.c.o
/usr/bin/cc    -o CMakeFiles/cmTC_927fb.dir/CheckSymbolExists.c.o   -c /home/student/ufactory_ws/build/depthai_ros_msgs/CMakeFiles/CMakeTmp/CheckSymbolExists.c
Linking C executable cmTC_927fb
/usr/bin/cmake -E cmake_link_script CMakeFiles/cmTC_927fb.dir/link.txt --verbose=1
/usr/bin/cc      -rdynamic CMakeFiles/cmTC_927fb.dir/CheckSymbolExists.c.o  -o cmTC_927fb 
CMakeFiles/cmTC_927fb.dir/CheckSymbolExists.c.o: In function `main':
CheckSymbolExists.c:(.text+0x1b): undefined reference to `pthread_create'
collect2: error: ld returned 1 exit status
CMakeFiles/cmTC_927fb.dir/build.make:97: recipe for target 'cmTC_927fb' failed
make[1]: *** [cmTC_927fb] Error 1
make[1]: Leaving directory '/home/student/ufactory_ws/build/depthai_ros_msgs/CMakeFiles/CMakeTmp'
Makefile:126: recipe for target 'cmTC_927fb/fast' failed
make: *** [cmTC_927fb/fast] Error 2

File /home/student/ufactory_ws/build/depthai_ros_msgs/CMakeFiles/CMakeTmp/CheckSymbolExists.c:
/* */
#include <pthread.h>

int main(int argc, char** argv)
{
  (void)argv;
#ifndef pthread_create
  return ((int*)(&pthread_create))[argc];
#else
  (void)argc;
  return 0;
#endif
}

Determining if the function pthread_create exists in the pthreads failed with the following output:
Change Dir: /home/student/ufactory_ws/build/depthai_ros_msgs/CMakeFiles/CMakeTmp

Run Build Command:"/usr/bin/make" "cmTC_22a15/fast"
/usr/bin/make -f CMakeFiles/cmTC_22a15.dir/build.make CMakeFiles/cmTC_22a15.dir/build
make[1]: Entering directory '/home/student/ufactory_ws/build/depthai_ros_msgs/CMakeFiles/CMakeTmp'
Building C object CMakeFiles/cmTC_22a15.dir/CheckFunctionExists.c.o
/usr/bin/cc   -DCHECK_FUNCTION_EXISTS=pthread_create   -o CMakeFiles/cmTC_22a15.dir/CheckFunctionExists.c.o   -c /usr/share/cmake-3.10/Modules/CheckFunctionExists.c
Linking C executable cmTC_22a15
/usr/bin/cmake -E cmake_link_script CMakeFiles/cmTC_22a15.dir/link.txt --verbose=1
/usr/bin/cc  -DCHECK_FUNCTION_EXISTS=pthread_create    -rdynamic CMakeFiles/cmTC_22a15.dir/CheckFunctionExists.c.o  -o cmTC_22a15 -lpthreads 
/usr/bin/ld: cannot find -lpthreads
collect2: error: ld returned 1 exit status
CMakeFiles/cmTC_22a15.dir/build.make:97: recipe for target 'cmTC_22a15' failed
make[1]: *** [cmTC_22a15] Error 1
make[1]: Leaving directory '/home/student/ufactory_ws/build/depthai_ros_msgs/CMakeFiles/CMakeTmp'
Makefile:126: recipe for target 'cmTC_22a15/fast' failed
make: *** [cmTC_22a15/fast] Error 2


